# JRE version: OpenJDK Runtime Environment (8.0_242-b01) (build 1.8.0_242-release-1644-b01)
# Java VM: OpenJDK 64-Bit Server VM (25.242-b01 mixed mode windows-amd64 compressed oops)
Heap:
 PSYoungGen      total 143360K, used 14352K [0x00000000d5580000, 0x00000000e0300000, 0x0000000100000000)
  eden space 130048K, 11% used [0x00000000d5580000,0x00000000d6384338,0x00000000dd480000)
  from space 13312K, 0% used [0x00000000de380000,0x00000000de380000,0x00000000df080000)
  to   space 15360K, 0% used [0x00000000dd480000,0x00000000dd480000,0x00000000de380000)
 ParOldGen       total 52736K, used 34701K [0x0000000080000000, 0x0000000083380000, 0x00000000d5580000)
  object space 52736K, 65% used [0x0000000080000000,0x00000000821e3718,0x0000000083380000)
 Metaspace       used 57291K, capacity 59730K, committed 59928K, reserved 1101824K
  class space    used 7885K, capacity 8376K, committed 8496K, reserved 1048576K
GC Heap History (10 events):
Event: 34.028 GC heap before
{Heap before GC invocations=15 (full 2):
 PSYoungGen      total 92160K, used 2524K [0x00000000d5580000, 0x00000000dd700000, 0x0000000100000000)
  eden space 83456K, 0% used [0x00000000d5580000,0x00000000d5580000,0x00000000da700000)
  from space 8704K, 29% used [0x00000000da700000,0x00000000da9773d0,0x00000000daf80000)
  to   space 8704K, 0% used [0x00000000dce80000,0x00000000dce80000,0x00000000dd700000)
 ParOldGen       total 30720K, used 13308K [0x0000000080000000, 0x0000000081e00000, 0x00000000d5580000)
  object space 30720K, 43% used [0x0000000080000000,0x0000000080cff378,0x0000000081e00000)
 Metaspace       used 34267K, capacity 35412K, committed 35496K, reserved 1079296K
  class space    used 4721K, capacity 5001K, committed 5040K, reserved 1048576K
Event: 34.331 GC heap after
Heap after GC invocations=15 (full 2):
 PSYoungGen      total 92160K, used 0K [0x00000000d5580000, 0x00000000dd700000, 0x0000000100000000)
  eden space 83456K, 0% used [0x00000000d5580000,0x00000000d5580000,0x00000000da700000)
  from space 8704K, 0% used [0x00000000da700000,0x00000000da700000,0x00000000daf80000)
  to   space 8704K, 0% used [0x00000000dce80000,0x00000000dce80000,0x00000000dd700000)
 ParOldGen       total 52736K, used 14589K [0x0000000080000000, 0x0000000083380000, 0x00000000d5580000)
  object space 52736K, 27% used [0x0000000080000000,0x0000000080e3f590,0x0000000083380000)
 Metaspace       used 34267K, capacity 35412K, committed 35496K, reserved 1079296K
  class space    used 4721K, capacity 5001K, committed 5040K, reserved 1048576K
}
Event: 38.109 GC heap before
{Heap before GC invocations=16 (full 2):
 PSYoungGen      total 92160K, used 83456K [0x00000000d5580000, 0x00000000dd700000, 0x0000000100000000)
  eden space 83456K, 100% used [0x00000000d5580000,0x00000000da700000,0x00000000da700000)
  from space 8704K, 0% used [0x00000000da700000,0x00000000da700000,0x00000000daf80000)
  to   space 8704K, 0% used [0x00000000dce80000,0x00000000dce80000,0x00000000dd700000)
 ParOldGen       total 52736K, used 14589K [0x0000000080000000, 0x0000000083380000, 0x00000000d5580000)
  object space 52736K, 27% used [0x0000000080000000,0x0000000080e3f590,0x0000000083380000)
 Metaspace       used 37044K, capacity 38650K, committed 38824K, reserved 1083392K
  class space    used 5108K, capacity 5438K, committed 5552K, reserved 1048576K
Event: 38.162 GC heap after
Heap after GC invocations=16 (full 2):
 PSYoungGen      total 110080K, used 6493K [0x00000000d5580000, 0x00000000dd500000, 0x0000000100000000)
  eden space 103424K, 0% used [0x00000000d5580000,0x00000000d5580000,0x00000000dba80000)
  from space 6656K, 97% used [0x00000000dce80000,0x00000000dd4d7728,0x00000000dd500000)
  to   space 9216K, 0% used [0x00000000dc300000,0x00000000dc300000,0x00000000dcc00000)
 ParOldGen       total 52736K, used 14597K [0x0000000080000000, 0x0000000083380000, 0x00000000d5580000)
  object space 52736K, 27% used [0x0000000080000000,0x0000000080e41590,0x0000000083380000)
 Metaspace       used 37044K, capacity 38650K, committed 38824K, reserved 1083392K
  class space    used 5108K, capacity 5438K, committed 5552K, reserved 1048576K
}
Event: 44.664 GC heap before
{Heap before GC invocations=17 (full 2):
 PSYoungGen      total 110080K, used 109917K [0x00000000d5580000, 0x00000000dd500000, 0x0000000100000000)
  eden space 103424K, 100% used [0x00000000d5580000,0x00000000dba80000,0x00000000dba80000)
  from space 6656K, 97% used [0x00000000dce80000,0x00000000dd4d7728,0x00000000dd500000)
  to   space 9216K, 0% used [0x00000000dc300000,0x00000000dc300000,0x00000000dcc00000)
 ParOldGen       total 52736K, used 14597K [0x0000000080000000, 0x0000000083380000, 0x00000000d5580000)
  object space 52736K, 27% used [0x0000000080000000,0x0000000080e41590,0x0000000083380000)
 Metaspace       used 47762K, capacity 49744K, committed 49960K, reserved 1091584K
  class space    used 6447K, capacity 6854K, committed 6960K, reserved 1048576K
Event: 44.873 GC heap after
Heap after GC invocations=17 (full 2):
 PSYoungGen      total 121344K, used 9196K [0x00000000d5580000, 0x00000000df080000, 0x0000000100000000)
  eden space 112128K, 0% used [0x00000000d5580000,0x00000000d5580000,0x00000000dc300000)
  from space 9216K, 99% used [0x00000000dc300000,0x00000000dcbfb300,0x00000000dcc00000)
  to   space 13312K, 0% used [0x00000000de380000,0x00000000de380000,0x00000000df080000)
 ParOldGen       total 52736K, used 22958K [0x0000000080000000, 0x0000000083380000, 0x00000000d5580000)
  object space 52736K, 43% used [0x0000000080000000,0x000000008166b940,0x0000000083380000)
 Metaspace       used 47762K, capacity 49744K, committed 49960K, reserved 1091584K
  class space    used 6447K, capacity 6854K, committed 6960K, reserved 1048576K
}
Event: 61.612 GC heap before
{Heap before GC invocations=18 (full 2):
 PSYoungGen      total 121344K, used 115300K [0x00000000d5580000, 0x00000000df080000, 0x0000000100000000)
  eden space 112128K, 94% used [0x00000000d5580000,0x00000000dbd1df58,0x00000000dc300000)
  from space 9216K, 99% used [0x00000000dc300000,0x00000000dcbfb300,0x00000000dcc00000)
  to   space 13312K, 0% used [0x00000000de380000,0x00000000de380000,0x00000000df080000)
 ParOldGen       total 52736K, used 22958K [0x0000000080000000, 0x0000000083380000, 0x00000000d5580000)
  object space 52736K, 43% used [0x0000000080000000,0x000000008166b940,0x0000000083380000)
 Metaspace       used 56685K, capacity 59020K, committed 59160K, reserved 1099776K
  class space    used 7760K, capacity 8235K, committed 8240K, reserved 1048576K
Event: 62.300 GC heap after
Heap after GC invocations=18 (full 2):
 PSYoungGen      total 143360K, used 12741K [0x00000000d5580000, 0x00000000e0300000, 0x0000000100000000)
  eden space 130048K, 0% used [0x00000000d5580000,0x00000000d5580000,0x00000000dd480000)
  from space 13312K, 95% used [0x00000000de380000,0x00000000deff15f0,0x00000000df080000)
  to   space 15360K, 0% used [0x00000000dd480000,0x00000000dd480000,0x00000000de380000)
 ParOldGen       total 52736K, used 32102K [0x0000000080000000, 0x0000000083380000, 0x00000000d5580000)
  object space 52736K, 60% used [0x0000000080000000,0x0000000081f59b20,0x0000000083380000)
 Metaspace       used 56685K, capacity 59020K, committed 59160K, reserved 1099776K
  class space    used 7760K, capacity 8235K, committed 8240K, reserved 1048576K
}
Event: 62.300 GC heap before
{Heap before GC invocations=19 (full 3):
 PSYoungGen      total 143360K, used 12741K [0x00000000d5580000, 0x00000000e0300000, 0x0000000100000000)
  eden space 130048K, 0% used [0x00000000d5580000,0x00000000d5580000,0x00000000dd480000)
  from space 13312K, 95% used [0x00000000de380000,0x00000000deff15f0,0x00000000df080000)
  to   space 15360K, 0% used [0x00000000dd480000,0x00000000dd480000,0x00000000de380000)
 ParOldGen       total 52736K, used 32102K [0x0000000080000000, 0x0000000083380000, 0x00000000d5580000)
  object space 52736K, 60% used [0x0000000080000000,0x0000000081f59b20,0x0000000083380000)
 Metaspace       used 56685K, capacity 59020K, committed 59160K, reserved 1099776K
  class space    used 7760K, capacity 8235K, committed 8240K, reserved 1048576K
Event: 64.609 GC heap after
Heap after GC invocations=19 (full 3):
 PSYoungGen      total 143360K, used 0K [0x00000000d5580000, 0x00000000e0300000, 0x0000000100000000)
  eden space 130048K, 0% used [0x00000000d5580000,0x00000000d5580000,0x00000000dd480000)
  from space 13312K, 0% used [0x00000000de380000,0x00000000de380000,0x00000000df080000)
  to   space 15360K, 0% used [0x00000000dd480000,0x00000000dd480000,0x00000000de380000)
 ParOldGen       total 52736K, used 34701K [0x0000000080000000, 0x0000000083380000, 0x00000000d5580000)
  object space 52736K, 65% used [0x0000000080000000,0x00000000821e3718,0x0000000083380000)
 Metaspace       used 56664K, capacity 58948K, committed 59160K, reserved 1099776K
  class space    used 7754K, capacity 8223K, committed 8240K, reserved 1048576K
}

